<?xml version="1.0" encoding="UTF-8"?>
<coverage generated="1770709526946" clover="3.2.0">
  <project timestamp="1770709526946" name="All files">
    <metrics statements="49" coveredstatements="49" conditionals="65" coveredconditionals="65" methods="8" coveredmethods="8" elements="122" coveredelements="122" complexity="0" loc="49" ncloc="49" packages="1" files="1" classes="1"/>
    <file name="calculator.js" path="C:\Users\GedSmith\OneDrive - Scott Logic Ltd\dev\macro-monitor\calculator.js">
      <metrics statements="49" coveredstatements="49" conditionals="65" coveredconditionals="65" methods="8" coveredmethods="8"/>
      <line num="11" count="6" type="stmt"/>
      <line num="21" count="5" type="stmt"/>
      <line num="36" count="22" type="cond" truecount="10" falsecount="0"/>
      <line num="38" count="4" type="stmt"/>
      <line num="41" count="18" type="cond" truecount="5" falsecount="0"/>
      <line num="42" count="4" type="stmt"/>
      <line num="45" count="14" type="cond" truecount="4" falsecount="0"/>
      <line num="46" count="1" type="stmt"/>
      <line num="50" count="13" type="cond" truecount="2" falsecount="0"/>
      <line num="51" count="8" type="stmt"/>
      <line num="53" count="5" type="stmt"/>
      <line num="56" count="13" type="stmt"/>
      <line num="66" count="16" type="cond" truecount="6" falsecount="0"/>
      <line num="67" count="2" type="stmt"/>
      <line num="70" count="14" type="cond" truecount="2" falsecount="0"/>
      <line num="71" count="2" type="stmt"/>
      <line num="74" count="12" type="cond" truecount="4" falsecount="0"/>
      <line num="75" count="2" type="stmt"/>
      <line num="78" count="10" type="stmt"/>
      <line num="87" count="9" type="cond" truecount="4" falsecount="0"/>
      <line num="88" count="3" type="stmt"/>
      <line num="91" count="6" type="stmt"/>
      <line num="106" count="18" type="cond" truecount="4" falsecount="0"/>
      <line num="107" count="3" type="stmt"/>
      <line num="110" count="15" type="stmt"/>
      <line num="112" count="15" type="cond" truecount="2" falsecount="0"/>
      <line num="113" count="2" type="stmt"/>
      <line num="116" count="13" type="cond" truecount="5" falsecount="0"/>
      <line num="117" count="3" type="stmt"/>
      <line num="120" count="10" type="stmt"/>
      <line num="121" count="10" type="stmt"/>
      <line num="122" count="10" type="stmt"/>
      <line num="124" count="10" type="stmt"/>
      <line num="125" count="10" type="stmt"/>
      <line num="126" count="10" type="stmt"/>
      <line num="128" count="10" type="stmt"/>
      <line num="129" count="10" type="stmt"/>
      <line num="130" count="10" type="stmt"/>
      <line num="132" count="10" type="stmt"/>
      <line num="146" count="13" type="cond" truecount="4" falsecount="0"/>
      <line num="147" count="3" type="stmt"/>
      <line num="150" count="10" type="cond" truecount="5" falsecount="0"/>
      <line num="151" count="3" type="stmt"/>
      <line num="154" count="7" type="stmt"/>
      <line num="165" count="8" type="cond" truecount="4" falsecount="0"/>
      <line num="166" count="3" type="stmt"/>
      <line num="169" count="5" type="stmt"/>
      <line num="174" count="1" type="cond" truecount="3" falsecount="0"/>
      <line num="175" count="1" type="stmt"/>
    </file>
  </project>
</coverage>
