{"C:\\Users\\GedSmith\\OneDrive - Scott Logic Ltd\\dev\\macro-monitor\\calculator.js": {"path":"C:\\Users\\GedSmith\\OneDrive - Scott Logic Ltd\\dev\\macro-monitor\\calculator.js","statementMap":{"0":{"start":{"line":11,"column":4},"end":{"line":11,"column":39}},"1":{"start":{"line":21,"column":4},"end":{"line":21,"column":51}},"2":{"start":{"line":36,"column":4},"end":{"line":39,"column":5}},"3":{"start":{"line":38,"column":8},"end":{"line":38,"column":82}},"4":{"start":{"line":41,"column":4},"end":{"line":43,"column":5}},"5":{"start":{"line":42,"column":8},"end":{"line":42,"column":76}},"6":{"start":{"line":45,"column":4},"end":{"line":47,"column":5}},"7":{"start":{"line":46,"column":8},"end":{"line":46,"column":65}},"8":{"start":{"line":50,"column":4},"end":{"line":54,"column":5}},"9":{"start":{"line":51,"column":8},"end":{"line":51,"column":56}},"10":{"start":{"line":53,"column":8},"end":{"line":53,"column":58}},"11":{"start":{"line":56,"column":4},"end":{"line":56,"column":27}},"12":{"start":{"line":66,"column":4},"end":{"line":68,"column":5}},"13":{"start":{"line":67,"column":8},"end":{"line":67,"column":63}},"14":{"start":{"line":70,"column":4},"end":{"line":72,"column":5}},"15":{"start":{"line":71,"column":8},"end":{"line":71,"column":57}},"16":{"start":{"line":74,"column":4},"end":{"line":76,"column":5}},"17":{"start":{"line":75,"column":8},"end":{"line":75,"column":70}},"18":{"start":{"line":78,"column":4},"end":{"line":78,"column":43}},"19":{"start":{"line":87,"column":4},"end":{"line":89,"column":5}},"20":{"start":{"line":88,"column":8},"end":{"line":88,"column":58}},"21":{"start":{"line":91,"column":4},"end":{"line":96,"column":6}},"22":{"start":{"line":106,"column":4},"end":{"line":108,"column":5}},"23":{"start":{"line":107,"column":8},"end":{"line":107,"column":68}},"24":{"start":{"line":110,"column":36},"end":{"line":110,"column":52}},"25":{"start":{"line":112,"column":4},"end":{"line":114,"column":5}},"26":{"start":{"line":113,"column":8},"end":{"line":113,"column":61}},"27":{"start":{"line":116,"column":4},"end":{"line":118,"column":5}},"28":{"start":{"line":117,"column":8},"end":{"line":117,"column":66}},"29":{"start":{"line":120,"column":27},"end":{"line":120,"column":40}},"30":{"start":{"line":121,"column":25},"end":{"line":121,"column":36}},"31":{"start":{"line":122,"column":23},"end":{"line":122,"column":32}},"32":{"start":{"line":124,"column":24},"end":{"line":124,"column":66}},"33":{"start":{"line":125,"column":22},"end":{"line":125,"column":62}},"34":{"start":{"line":126,"column":20},"end":{"line":126,"column":58}},"35":{"start":{"line":128,"column":25},"end":{"line":128,"column":52}},"36":{"start":{"line":129,"column":23},"end":{"line":129,"column":48}},"37":{"start":{"line":130,"column":21},"end":{"line":130,"column":44}},"38":{"start":{"line":132,"column":4},"end":{"line":136,"column":6}},"39":{"start":{"line":146,"column":4},"end":{"line":148,"column":5}},"40":{"start":{"line":147,"column":8},"end":{"line":147,"column":60}},"41":{"start":{"line":150,"column":4},"end":{"line":152,"column":5}},"42":{"start":{"line":151,"column":8},"end":{"line":151,"column":72}},"43":{"start":{"line":154,"column":4},"end":{"line":154,"column":47}},"44":{"start":{"line":165,"column":4},"end":{"line":167,"column":5}},"45":{"start":{"line":166,"column":8},"end":{"line":166,"column":68}},"46":{"start":{"line":169,"column":4},"end":{"line":169,"column":49}},"47":{"start":{"line":174,"column":0},"end":{"line":185,"column":1}},"48":{"start":{"line":175,"column":4},"end":{"line":184,"column":6}}},"fnMap":{"0":{"name":"convertFeetInchesToCm","decl":{"start":{"line":10,"column":9},"end":{"line":10,"column":30}},"loc":{"start":{"line":10,"column":45},"end":{"line":12,"column":1}},"line":10},"1":{"name":"convertStonesPoundsToKg","decl":{"start":{"line":20,"column":9},"end":{"line":20,"column":32}},"loc":{"start":{"line":20,"column":49},"end":{"line":22,"column":1}},"line":20},"2":{"name":"calculateBMR","decl":{"start":{"line":35,"column":9},"end":{"line":35,"column":21}},"loc":{"start":{"line":35,"column":48},"end":{"line":57,"column":1}},"line":35},"3":{"name":"calculateTDEE","decl":{"start":{"line":65,"column":9},"end":{"line":65,"column":22}},"loc":{"start":{"line":65,"column":43},"end":{"line":79,"column":1}},"line":65},"4":{"name":"calculateWeightLossCalories","decl":{"start":{"line":86,"column":9},"end":{"line":86,"column":36}},"loc":{"start":{"line":86,"column":43},"end":{"line":97,"column":1}},"line":86},"5":{"name":"calculateMacros","decl":{"start":{"line":105,"column":9},"end":{"line":105,"column":24}},"loc":{"start":{"line":105,"column":96},"end":{"line":137,"column":1}},"line":105},"6":{"name":"calculateLeanBodyMass","decl":{"start":{"line":145,"column":9},"end":{"line":145,"column":30}},"loc":{"start":{"line":145,"column":55},"end":{"line":155,"column":1}},"line":145},"7":{"name":"calculateKatchMcArdleBMR","decl":{"start":{"line":164,"column":9},"end":{"line":164,"column":33}},"loc":{"start":{"line":164,"column":48},"end":{"line":170,"column":1}},"line":164}},"branchMap":{"0":{"loc":{"start":{"line":36,"column":4},"end":{"line":39,"column":5}},"type":"if","locations":[{"start":{"line":36,"column":4},"end":{"line":39,"column":5}},{"start":{},"end":{}}],"line":36},"1":{"loc":{"start":{"line":36,"column":8},"end":{"line":37,"column":78}},"type":"binary-expr","locations":[{"start":{"line":36,"column":8},"end":{"line":36,"column":23}},{"start":{"line":36,"column":27},"end":{"line":36,"column":47}},{"start":{"line":36,"column":51},"end":{"line":36,"column":66}},{"start":{"line":36,"column":70},"end":{"line":36,"column":90}},{"start":{"line":37,"column":8},"end":{"line":37,"column":20}},{"start":{"line":37,"column":24},"end":{"line":37,"column":41}},{"start":{"line":37,"column":45},"end":{"line":37,"column":57}},{"start":{"line":37,"column":61},"end":{"line":37,"column":78}}],"line":36},"2":{"loc":{"start":{"line":41,"column":4},"end":{"line":43,"column":5}},"type":"if","locations":[{"start":{"line":41,"column":4},"end":{"line":43,"column":5}},{"start":{},"end":{}}],"line":41},"3":{"loc":{"start":{"line":41,"column":8},"end":{"line":41,"column":46}},"type":"binary-expr","locations":[{"start":{"line":41,"column":8},"end":{"line":41,"column":19}},{"start":{"line":41,"column":23},"end":{"line":41,"column":34}},{"start":{"line":41,"column":38},"end":{"line":41,"column":46}}],"line":41},"4":{"loc":{"start":{"line":45,"column":4},"end":{"line":47,"column":5}},"type":"if","locations":[{"start":{"line":45,"column":4},"end":{"line":47,"column":5}},{"start":{},"end":{}}],"line":45},"5":{"loc":{"start":{"line":45,"column":8},"end":{"line":45,"column":42}},"type":"binary-expr","locations":[{"start":{"line":45,"column":8},"end":{"line":45,"column":22}},{"start":{"line":45,"column":26},"end":{"line":45,"column":42}}],"line":45},"6":{"loc":{"start":{"line":50,"column":4},"end":{"line":54,"column":5}},"type":"if","locations":[{"start":{"line":50,"column":4},"end":{"line":54,"column":5}},{"start":{"line":52,"column":11},"end":{"line":54,"column":5}}],"line":50},"7":{"loc":{"start":{"line":66,"column":4},"end":{"line":68,"column":5}},"type":"if","locations":[{"start":{"line":66,"column":4},"end":{"line":68,"column":5}},{"start":{},"end":{}}],"line":66},"8":{"loc":{"start":{"line":66,"column":8},"end":{"line":66,"column":98}},"type":"binary-expr","locations":[{"start":{"line":66,"column":8},"end":{"line":66,"column":20}},{"start":{"line":66,"column":24},"end":{"line":66,"column":41}},{"start":{"line":66,"column":45},"end":{"line":66,"column":67}},{"start":{"line":66,"column":71},"end":{"line":66,"column":98}}],"line":66},"9":{"loc":{"start":{"line":70,"column":4},"end":{"line":72,"column":5}},"type":"if","locations":[{"start":{"line":70,"column":4},"end":{"line":72,"column":5}},{"start":{},"end":{}}],"line":70},"10":{"loc":{"start":{"line":74,"column":4},"end":{"line":76,"column":5}},"type":"if","locations":[{"start":{"line":74,"column":4},"end":{"line":76,"column":5}},{"start":{},"end":{}}],"line":74},"11":{"loc":{"start":{"line":74,"column":8},"end":{"line":74,"column":50}},"type":"binary-expr","locations":[{"start":{"line":74,"column":8},"end":{"line":74,"column":27}},{"start":{"line":74,"column":31},"end":{"line":74,"column":50}}],"line":74},"12":{"loc":{"start":{"line":87,"column":4},"end":{"line":89,"column":5}},"type":"if","locations":[{"start":{"line":87,"column":4},"end":{"line":89,"column":5}},{"start":{},"end":{}}],"line":87},"13":{"loc":{"start":{"line":87,"column":8},"end":{"line":87,"column":26}},"type":"binary-expr","locations":[{"start":{"line":87,"column":8},"end":{"line":87,"column":13}},{"start":{"line":87,"column":17},"end":{"line":87,"column":26}}],"line":87},"14":{"loc":{"start":{"line":105,"column":40},"end":{"line":105,"column":94}},"type":"default-arg","locations":[{"start":{"line":105,"column":59},"end":{"line":105,"column":94}}],"line":105},"15":{"loc":{"start":{"line":106,"column":4},"end":{"line":108,"column":5}},"type":"if","locations":[{"start":{"line":106,"column":4},"end":{"line":108,"column":5}},{"start":{},"end":{}}],"line":106},"16":{"loc":{"start":{"line":106,"column":8},"end":{"line":106,"column":44}},"type":"binary-expr","locations":[{"start":{"line":106,"column":8},"end":{"line":106,"column":22}},{"start":{"line":106,"column":26},"end":{"line":106,"column":44}}],"line":106},"17":{"loc":{"start":{"line":112,"column":4},"end":{"line":114,"column":5}},"type":"if","locations":[{"start":{"line":112,"column":4},"end":{"line":114,"column":5}},{"start":{},"end":{}}],"line":112},"18":{"loc":{"start":{"line":116,"column":4},"end":{"line":118,"column":5}},"type":"if","locations":[{"start":{"line":116,"column":4},"end":{"line":118,"column":5}},{"start":{},"end":{}}],"line":116},"19":{"loc":{"start":{"line":116,"column":8},"end":{"line":116,"column":43}},"type":"binary-expr","locations":[{"start":{"line":116,"column":8},"end":{"line":116,"column":19}},{"start":{"line":116,"column":23},"end":{"line":116,"column":32}},{"start":{"line":116,"column":36},"end":{"line":116,"column":43}}],"line":116},"20":{"loc":{"start":{"line":146,"column":4},"end":{"line":148,"column":5}},"type":"if","locations":[{"start":{"line":146,"column":4},"end":{"line":148,"column":5}},{"start":{},"end":{}}],"line":146},"21":{"loc":{"start":{"line":146,"column":8},"end":{"line":146,"column":30}},"type":"binary-expr","locations":[{"start":{"line":146,"column":8},"end":{"line":146,"column":15}},{"start":{"line":146,"column":19},"end":{"line":146,"column":30}}],"line":146},"22":{"loc":{"start":{"line":150,"column":4},"end":{"line":152,"column":5}},"type":"if","locations":[{"start":{"line":150,"column":4},"end":{"line":152,"column":5}},{"start":{},"end":{}}],"line":150},"23":{"loc":{"start":{"line":150,"column":8},"end":{"line":150,"column":68}},"type":"binary-expr","locations":[{"start":{"line":150,"column":8},"end":{"line":150,"column":23}},{"start":{"line":150,"column":27},"end":{"line":150,"column":45}},{"start":{"line":150,"column":49},"end":{"line":150,"column":68}}],"line":150},"24":{"loc":{"start":{"line":165,"column":4},"end":{"line":167,"column":5}},"type":"if","locations":[{"start":{"line":165,"column":4},"end":{"line":167,"column":5}},{"start":{},"end":{}}],"line":165},"25":{"loc":{"start":{"line":165,"column":8},"end":{"line":165,"column":42}},"type":"binary-expr","locations":[{"start":{"line":165,"column":8},"end":{"line":165,"column":21}},{"start":{"line":165,"column":25},"end":{"line":165,"column":42}}],"line":165},"26":{"loc":{"start":{"line":174,"column":0},"end":{"line":185,"column":1}},"type":"if","locations":[{"start":{"line":174,"column":0},"end":{"line":185,"column":1}}],"line":174},"27":{"loc":{"start":{"line":174,"column":4},"end":{"line":174,"column":51}},"type":"binary-expr","locations":[{"start":{"line":174,"column":4},"end":{"line":174,"column":33}},{"start":{"line":174,"column":37},"end":{"line":174,"column":51}}],"line":174}},"s":{"0":6,"1":5,"2":22,"3":4,"4":18,"5":4,"6":14,"7":1,"8":13,"9":8,"10":5,"11":13,"12":16,"13":2,"14":14,"15":2,"16":12,"17":2,"18":10,"19":9,"20":3,"21":6,"22":18,"23":3,"24":15,"25":15,"26":2,"27":13,"28":3,"29":10,"30":10,"31":10,"32":10,"33":10,"34":10,"35":10,"36":10,"37":10,"38":10,"39":13,"40":3,"41":10,"42":3,"43":7,"44":8,"45":3,"46":5,"47":1,"48":1},"f":{"0":6,"1":5,"2":22,"3":16,"4":9,"5":18,"6":13,"7":8},"b":{"0":[4,18],"1":[22,21,21,20,20,19,19,18],"2":[4,14],"3":[18,16,15],"4":[1,13],"5":[14,6],"6":[8,5],"7":[2,14],"8":[16,15,15,14],"9":[2,12],"10":[2,10],"11":[12,11],"12":[3,6],"13":[9,7],"14":[7],"15":[3,15],"16":[18,16],"17":[2,13],"18":[3,10],"19":[13,12,11],"20":[3,10],"21":[13,11],"22":[3,7],"23":[10,9,8],"24":[3,5],"25":[8,6],"26":[1],"27":[1,1]},"_coverageSchema":"1a1c01bbd47fc00a2c39e90264f33305004495a9","hash":"c9ab7d5bca911f9117d95e6b2290a3e2eab7c05a"}
}
