TN:
SF:calculator.js
FN:10,convertFeetInchesToCm
FN:20,convertStonesPoundsToKg
FN:35,calculateBMR
FN:65,calculateTDEE
FN:86,calculateWeightLossCalories
FN:105,calculateMacros
FN:145,calculateLeanBodyMass
FN:164,calculateKatchMcArdleBMR
FNF:8
FNH:8
FNDA:6,convertFeetInchesToCm
FNDA:5,convertStonesPoundsToKg
FNDA:22,calculateBMR
FNDA:16,calculateTDEE
FNDA:9,calculateWeightLossCalories
FNDA:18,calculateMacros
FNDA:13,calculateLeanBodyMass
FNDA:8,calculateKatchMcArdleBMR
DA:11,6
DA:21,5
DA:36,22
DA:38,4
DA:41,18
DA:42,4
DA:45,14
DA:46,1
DA:50,13
DA:51,8
DA:53,5
DA:56,13
DA:66,16
DA:67,2
DA:70,14
DA:71,2
DA:74,12
DA:75,2
DA:78,10
DA:87,9
DA:88,3
DA:91,6
DA:106,18
DA:107,3
DA:110,15
DA:112,15
DA:113,2
DA:116,13
DA:117,3
DA:120,10
DA:121,10
DA:122,10
DA:124,10
DA:125,10
DA:126,10
DA:128,10
DA:129,10
DA:130,10
DA:132,10
DA:146,13
DA:147,3
DA:150,10
DA:151,3
DA:154,7
DA:165,8
DA:166,3
DA:169,5
DA:173,1
DA:174,1
LF:49
LH:49
BRDA:36,0,0,4
BRDA:36,0,1,18
BRDA:36,1,0,22
BRDA:36,1,1,21
BRDA:36,1,2,21
BRDA:36,1,3,20
BRDA:36,1,4,20
BRDA:36,1,5,19
BRDA:36,1,6,19
BRDA:36,1,7,18
BRDA:41,2,0,4
BRDA:41,2,1,14
BRDA:41,3,0,18
BRDA:41,3,1,16
BRDA:41,3,2,15
BRDA:45,4,0,1
BRDA:45,4,1,13
BRDA:45,5,0,14
BRDA:45,5,1,6
BRDA:50,6,0,8
BRDA:50,6,1,5
BRDA:66,7,0,2
BRDA:66,7,1,14
BRDA:66,8,0,16
BRDA:66,8,1,15
BRDA:66,8,2,15
BRDA:66,8,3,14
BRDA:70,9,0,2
BRDA:70,9,1,12
BRDA:74,10,0,2
BRDA:74,10,1,10
BRDA:74,11,0,12
BRDA:74,11,1,11
BRDA:87,12,0,3
BRDA:87,12,1,6
BRDA:87,13,0,9
BRDA:87,13,1,7
BRDA:105,14,0,7
BRDA:106,15,0,3
BRDA:106,15,1,15
BRDA:106,16,0,18
BRDA:106,16,1,16
BRDA:112,17,0,2
BRDA:112,17,1,13
BRDA:116,18,0,3
BRDA:116,18,1,10
BRDA:116,19,0,13
BRDA:116,19,1,12
BRDA:116,19,2,11
BRDA:146,20,0,3
BRDA:146,20,1,10
BRDA:146,21,0,13
BRDA:146,21,1,11
BRDA:150,22,0,3
BRDA:150,22,1,7
BRDA:150,23,0,10
BRDA:150,23,1,9
BRDA:150,23,2,8
BRDA:165,24,0,3
BRDA:165,24,1,5
BRDA:165,25,0,8
BRDA:165,25,1,6
BRDA:173,26,0,1
BRDA:173,26,1,0
BRDA:173,27,0,1
BRDA:173,27,1,1
BRF:66
BRH:65
end_of_record
